d:\vsqtworkspace\bundle\bundle\release\qrc_bundle.obj
d:\vsqtworkspace\bundle\bundle\release\main.obj
d:\vsqtworkspace\bundle\bundle\release\moc_watchview.obj
d:\vsqtworkspace\bundle\bundle\release\moc_watchmanager.obj
d:\vsqtworkspace\bundle\bundle\release\moc_tip.obj
d:\vsqtworkspace\bundle\bundle\release\moc_selectexamwidget.obj
d:\vsqtworkspace\bundle\bundle\release\moc_readcards.obj
d:\vsqtworkspace\bundle\bundle\release\moc_pushbutton.obj
d:\vsqtworkspace\bundle\bundle\release\moc_pagingwidget.obj
d:\vsqtworkspace\bundle\bundle\release\moc_modifywidget.obj
d:\vsqtworkspace\bundle\bundle\release\moc_mainwidget.obj
d:\vsqtworkspace\bundle\bundle\release\moc_mainhead.obj
d:\vsqtworkspace\bundle\bundle\release\moc_maincontent.obj
d:\vsqtworkspace\bundle\bundle\release\moc_loginwidget.obj
d:\vsqtworkspace\bundle\bundle\release\moc_label.obj
d:\vsqtworkspace\bundle\bundle\release\moc_httprequest.obj
d:\vsqtworkspace\bundle\bundle\release\moc_examlist.obj
d:\vsqtworkspace\bundle\bundle\release\moc_dropshadow.obj
d:\vsqtworkspace\bundle\bundle\release\moc_calendar.obj
d:\vsqtworkspace\bundle\bundle\release\moc_bindwidget.obj
d:\vsqtworkspace\bundle\bundle\release\moc_activitylabel.obj
d:\vsqtworkspace\bundle\bundle\release\toolbutton.obj
d:\vsqtworkspace\bundle\bundle\release\tip.obj
d:\vsqtworkspace\bundle\bundle\release\pushbutton.obj
d:\vsqtworkspace\bundle\bundle\release\label.obj
d:\vsqtworkspace\bundle\bundle\release\dropshadow.obj
d:\vsqtworkspace\bundle\bundle\release\calendar.obj
d:\vsqtworkspace\bundle\bundle\release\activitylabel.obj
d:\vsqtworkspace\bundle\bundle\release\watchview.obj
d:\vsqtworkspace\bundle\bundle\release\watchmanager.obj
d:\vsqtworkspace\bundle\bundle\release\pagingwidget.obj
d:\vsqtworkspace\bundle\bundle\release\modifywidget.obj
d:\vsqtworkspace\bundle\bundle\release\selectwidget.obj
d:\vsqtworkspace\bundle\bundle\release\examlist.obj
d:\vsqtworkspace\bundle\bundle\release\mainwidget.obj
d:\vsqtworkspace\bundle\bundle\release\mainhead.obj
d:\vsqtworkspace\bundle\bundle\release\maincontent.obj
d:\vsqtworkspace\bundle\bundle\release\loginwidget.obj
d:\vsqtworkspace\bundle\bundle\release\httprequest.obj
d:\vsqtworkspace\bundle\bundle\release\readcards.obj
d:\vsqtworkspace\bundle\bundle\release\bindwidget.obj
d:\vsqtworkspace\bundle\bundle\generatedfiles\qrc_bundle.cpp
d:\vsqtworkspace\bundle\bundle\generatedfiles\release\moc_maincontent.cpp
d:\vsqtworkspace\bundle\bundle\generatedfiles\release\moc_mainhead.cpp
d:\vsqtworkspace\bundle\bundle\generatedfiles\release\moc_mainwidget.cpp
d:\vsqtworkspace\bundle\bundle\generatedfiles\release\moc_activitylabel.cpp
d:\vsqtworkspace\bundle\bundle\generatedfiles\release\moc_dropshadow.cpp
d:\vsqtworkspace\bundle\bundle\generatedfiles\release\moc_label.cpp
d:\vsqtworkspace\bundle\bundle\generatedfiles\release\moc_pushbutton.cpp
d:\vsqtworkspace\bundle\bundle\generatedfiles\release\moc_bindwidget.cpp
d:\vsqtworkspace\bundle\bundle\generatedfiles\release\moc_watchmanager.cpp
d:\vsqtworkspace\bundle\bundle\generatedfiles\release\moc_watchview.cpp
d:\vsqtworkspace\bundle\bundle\generatedfiles\release\moc_pagingwidget.cpp
d:\vsqtworkspace\bundle\bundle\generatedfiles\release\moc_modifywidget.cpp
d:\vsqtworkspace\bundle\bundle\generatedfiles\release\moc_calendar.cpp
d:\vsqtworkspace\bundle\bundle\generatedfiles\release\moc_readcards.cpp
d:\vsqtworkspace\bundle\bundle\generatedfiles\release\moc_httprequest.cpp
d:\vsqtworkspace\bundle\bundle\generatedfiles\release\moc_loginwidget.cpp
d:\vsqtworkspace\bundle\bundle\generatedfiles\release\moc_selectexamwidget.cpp
d:\vsqtworkspace\bundle\bundle\generatedfiles\release\moc_examlist.cpp
d:\vsqtworkspace\bundle\bundle\generatedfiles\release\moc_tip.cpp
d:\vsqtworkspace\bundle\win32\release\bundle.exe
d:\vsqtworkspace\bundle\bundle\release\bundle.tlog\cl.command.1.tlog
d:\vsqtworkspace\bundle\bundle\release\bundle.tlog\cl.read.1.tlog
d:\vsqtworkspace\bundle\bundle\release\bundle.tlog\cl.write.1.tlog
d:\vsqtworkspace\bundle\bundle\release\bundle.tlog\custombuild.command.1.tlog
d:\vsqtworkspace\bundle\bundle\release\bundle.tlog\custombuild.read.1.tlog
d:\vsqtworkspace\bundle\bundle\release\bundle.tlog\custombuild.write.1.tlog
d:\vsqtworkspace\bundle\bundle\release\bundle.tlog\link.command.1.tlog
d:\vsqtworkspace\bundle\bundle\release\bundle.tlog\link.read.1.tlog
d:\vsqtworkspace\bundle\bundle\release\bundle.tlog\link.write.1.tlog
