f:\hikvision_download_console\hikvision\hikvisionconsole\hikvisionconsole\debug\hikvisionconsole.pch
f:\hikvision_download_console\hikvision\hikvisionconsole\hikvisionconsole\debug\vc140.pdb
f:\hikvision_download_console\hikvision\hikvisionconsole\hikvisionconsole\debug\vc140.idb
f:\hikvision_download_console\hikvision\hikvisionconsole\hikvisionconsole\debug\stdafx.obj
f:\hikvision_download_console\hikvision\hikvisionconsole\hikvisionconsole\debug\hikvisionconsole.obj
f:\hikvision_download_console\hikvision\hikvisionconsole\hikvisionconsole\debug\hikvisionconsole.res
f:\hikvision_download_console\hikvision\hikvisionconsole\debug\hikvisionconsole.pdb
f:\hikvision_download_console\hikvision\hikvisionconsole\hikvisionconsole\debug\hikvisionconsole.tlog\cl.command.1.tlog
f:\hikvision_download_console\hikvision\hikvisionconsole\hikvisionconsole\debug\hikvisionconsole.tlog\cl.read.1.tlog
f:\hikvision_download_console\hikvision\hikvisionconsole\hikvisionconsole\debug\hikvisionconsole.tlog\cl.write.1.tlog
f:\hikvision_download_console\hikvision\hikvisionconsole\hikvisionconsole\debug\hikvisionconsole.tlog\link-cvtres.read.1.tlog
f:\hikvision_download_console\hikvision\hikvisionconsole\hikvisionconsole\debug\hikvisionconsole.tlog\link-cvtres.write.1.tlog
f:\hikvision_download_console\hikvision\hikvisionconsole\hikvisionconsole\debug\hikvisionconsole.tlog\link-mt.read.1.tlog
f:\hikvision_download_console\hikvision\hikvisionconsole\hikvisionconsole\debug\hikvisionconsole.tlog\link-mt.write.1.tlog
f:\hikvision_download_console\hikvision\hikvisionconsole\hikvisionconsole\debug\hikvisionconsole.tlog\link-rc.read.1.tlog
f:\hikvision_download_console\hikvision\hikvisionconsole\hikvisionconsole\debug\hikvisionconsole.tlog\link-rc.write.1.tlog
f:\hikvision_download_console\hikvision\hikvisionconsole\hikvisionconsole\debug\hikvisionconsole.tlog\link.6868-cvtres.read.1.tlog
f:\hikvision_download_console\hikvision\hikvisionconsole\hikvisionconsole\debug\hikvisionconsole.tlog\link.6868-cvtres.write.1.tlog
f:\hikvision_download_console\hikvision\hikvisionconsole\hikvisionconsole\debug\hikvisionconsole.tlog\link.6868-mt.read.1.tlog
f:\hikvision_download_console\hikvision\hikvisionconsole\hikvisionconsole\debug\hikvisionconsole.tlog\link.6868-mt.write.1.tlog
f:\hikvision_download_console\hikvision\hikvisionconsole\hikvisionconsole\debug\hikvisionconsole.tlog\link.6868-rc.read.1.tlog
f:\hikvision_download_console\hikvision\hikvisionconsole\hikvisionconsole\debug\hikvisionconsole.tlog\link.6868-rc.write.1.tlog
f:\hikvision_download_console\hikvision\hikvisionconsole\hikvisionconsole\debug\hikvisionconsole.tlog\link.6868.read.1.tlog
f:\hikvision_download_console\hikvision\hikvisionconsole\hikvisionconsole\debug\hikvisionconsole.tlog\link.6868.write.1.tlog
f:\hikvision_download_console\hikvision\hikvisionconsole\hikvisionconsole\debug\hikvisionconsole.tlog\link.command.1.tlog
f:\hikvision_download_console\hikvision\hikvisionconsole\hikvisionconsole\debug\hikvisionconsole.tlog\link.read.1.tlog
f:\hikvision_download_console\hikvision\hikvisionconsole\hikvisionconsole\debug\hikvisionconsole.tlog\link.write.1.tlog
f:\hikvision_download_console\hikvision\hikvisionconsole\hikvisionconsole\debug\hikvisionconsole.tlog\rc.command.1.tlog
f:\hikvision_download_console\hikvision\hikvisionconsole\hikvisionconsole\debug\hikvisionconsole.tlog\rc.read.1.tlog
f:\hikvision_download_console\hikvision\hikvisionconsole\hikvisionconsole\debug\hikvisionconsole.tlog\rc.write.1.tlog
